<?xml version="1.0" encoding="UTF-8"?>
<testsuite name="HelloTest" tests="1" skipped="0" failures="0" errors="0" timestamp="2020-08-29T17:28:33" hostname="LAPTOP-8HP5JURF" time="0.008">
  <properties/>
  <testcase name="testGetHello" classname="HelloTest" time="0.008"/>
  <system-out><![CDATA[Antes del test
Durante del test
Hola Mundito
Despues del test
]]></system-out>
  <system-err><![CDATA[]]></system-err>
</testsuite>
